{"message":"Server loaded in DEV mode","level":"\u001b[32minfo\u001b[39m","timestamp":"2018-12-09T11:44:51.082Z","macAddress":"CANT_DETECT_MACADDR"}
{"message":"please set the environmental variable DB_TYPE","level":"\u001b[31merror\u001b[39m","timestamp":"2018-12-09T11:44:51.091Z","macAddress":"CANT_DETECT_MACADDR"}
{"message":"Server loaded in DEV mode","level":"\u001b[32minfo\u001b[39m","timestamp":"2018-12-09T11:46:31.694Z","macAddress":"CANT_DETECT_MACADDR"}
{"message":"db port: 27017","level":"\u001b[32minfo\u001b[39m","timestamp":"2018-12-09T11:46:31.697Z","macAddress":"CANT_DETECT_MACADDR"}
{"message":"bootstaping NEM network in\n      TEST_NET mode","level":"\u001b[32minfo\u001b[39m","timestamp":"2018-12-09T11:46:32.192Z","macAddress":"CANT_DETECT_MACADDR"}
{"message":"trying connect to mongodb://localhost:27017/nemapp","level":"\u001b[32minfo\u001b[39m","timestamp":"2018-12-09T11:46:32.197Z","macAddress":"CANT_DETECT_MACADDR"}
{"message":"connecting to MongoDB...","level":"\u001b[32minfo\u001b[39m","timestamp":"2018-12-09T11:46:32.199Z","macAddress":"CANT_DETECT_MACADDR"}
{"message":"Mongoose is connected","level":"\u001b[32minfo\u001b[39m","timestamp":"2018-12-09T11:46:32.271Z","macAddress":"CANT_DETECT_MACADDR"}
{"message":"MongoDB connection opened!","level":"\u001b[32minfo\u001b[39m","timestamp":"2018-12-09T11:46:32.273Z","macAddress":"CANT_DETECT_MACADDR"}
{"message":"connected to mongodb","level":"\u001b[32minfo\u001b[39m","timestamp":"2018-12-09T11:46:32.279Z","macAddress":"CANT_DETECT_MACADDR"}
{"message":"running in mode: development","level":"\u001b[32minfo\u001b[39m","timestamp":"2018-12-09T11:46:32.280Z","macAddress":"CANT_DETECT_MACADDR"}
{"message":"Mongoose connection has been established to mongodb://localhost:27017/nemapp","level":"\u001b[32minfo\u001b[39m","timestamp":"2018-12-09T11:46:32.280Z","macAddress":"CANT_DETECT_MACADDR"}
{"message":"Updated nem node timestamps 2018-12-09T11:46:32.547Z","level":"\u001b[32minfo\u001b[39m","timestamp":"2018-12-09T11:46:32.548Z","macAddress":"CANT_DETECT_MACADDR"}
{"message":"Mongoose connection is disconnected","level":"\u001b[32minfo\u001b[39m","timestamp":"2018-12-09T11:47:53.472Z","macAddress":"CANT_DETECT_MACADDR"}
{"message":"Mongoose connection is disconnected due to SIGUSR2","level":"\u001b[32minfo\u001b[39m","timestamp":"2018-12-09T11:47:53.474Z","macAddress":"CANT_DETECT_MACADDR"}
{"message":"Mongoose connection is disconnected due to SIGUSR2","level":"\u001b[32minfo\u001b[39m","timestamp":"2018-12-09T11:47:53.474Z","macAddress":"CANT_DETECT_MACADDR"}
{"message":"Mongoose connection is disconnected due to SIGUSR2","level":"\u001b[32minfo\u001b[39m","timestamp":"2018-12-09T11:47:53.560Z","macAddress":"CANT_DETECT_MACADDR"}
{"message":"Mongoose connection is disconnected due to SIGUSR2","level":"\u001b[32minfo\u001b[39m","timestamp":"2018-12-09T11:47:53.561Z","macAddress":"CANT_DETECT_MACADDR"}
{"message":"Mongoose connection is disconnected due to SIGUSR2","level":"\u001b[32minfo\u001b[39m","timestamp":"2018-12-09T11:47:53.664Z","macAddress":"CANT_DETECT_MACADDR"}
{"message":"Mongoose connection is disconnected due to SIGUSR2","level":"\u001b[32minfo\u001b[39m","timestamp":"2018-12-09T11:47:53.678Z","macAddress":"CANT_DETECT_MACADDR"}
{"message":"Mongoose connection is disconnected due to SIGUSR2","level":"\u001b[32minfo\u001b[39m","timestamp":"2018-12-09T11:47:53.769Z","macAddress":"CANT_DETECT_MACADDR"}
{"message":"Mongoose connection is disconnected due to SIGUSR2","level":"\u001b[32minfo\u001b[39m","timestamp":"2018-12-09T11:47:53.770Z","macAddress":"CANT_DETECT_MACADDR"}
{"message":"Mongoose connection is disconnected due to SIGUSR2","level":"\u001b[32minfo\u001b[39m","timestamp":"2018-12-09T11:47:53.773Z","macAddress":"CANT_DETECT_MACADDR"}
{"message":"Mongoose connection is disconnected due to SIGUSR2","level":"\u001b[32minfo\u001b[39m","timestamp":"2018-12-09T11:47:53.871Z","macAddress":"CANT_DETECT_MACADDR"}
{"message":"Mongoose connection is disconnected due to SIGUSR2","level":"\u001b[32minfo\u001b[39m","timestamp":"2018-12-09T11:47:53.872Z","macAddress":"CANT_DETECT_MACADDR"}
{"message":"Mongoose connection is disconnected due to SIGUSR2","level":"\u001b[32minfo\u001b[39m","timestamp":"2018-12-09T11:47:53.874Z","macAddress":"CANT_DETECT_MACADDR"}
{"message":"Mongoose connection is disconnected due to SIGUSR2","level":"\u001b[32minfo\u001b[39m","timestamp":"2018-12-09T11:47:53.950Z","macAddress":"CANT_DETECT_MACADDR"}
{"message":"Mongoose connection is disconnected due to SIGUSR2","level":"\u001b[32minfo\u001b[39m","timestamp":"2018-12-09T11:47:54.070Z","macAddress":"CANT_DETECT_MACADDR"}
{"message":"Mongoose connection is disconnected due to SIGUSR2","level":"\u001b[32minfo\u001b[39m","timestamp":"2018-12-09T11:47:54.073Z","macAddress":"CANT_DETECT_MACADDR"}
{"message":"Mongoose connection is disconnected due to SIGUSR2","level":"\u001b[32minfo\u001b[39m","timestamp":"2018-12-09T11:47:54.075Z","macAddress":"CANT_DETECT_MACADDR"}
{"message":"Mongoose connection is disconnected due to SIGUSR2","level":"\u001b[32minfo\u001b[39m","timestamp":"2018-12-09T11:47:54.181Z","macAddress":"CANT_DETECT_MACADDR"}
{"message":"Mongoose connection is disconnected due to SIGUSR2","level":"\u001b[32minfo\u001b[39m","timestamp":"2018-12-09T11:47:54.184Z","macAddress":"CANT_DETECT_MACADDR"}
{"message":"Mongoose connection is disconnected due to SIGUSR2","level":"\u001b[32minfo\u001b[39m","timestamp":"2018-12-09T11:47:54.186Z","macAddress":"CANT_DETECT_MACADDR"}
{"message":"Mongoose connection is disconnected due to SIGUSR2","level":"\u001b[32minfo\u001b[39m","timestamp":"2018-12-09T11:47:54.272Z","macAddress":"CANT_DETECT_MACADDR"}
{"message":"Mongoose connection is disconnected due to SIGUSR2","level":"\u001b[32minfo\u001b[39m","timestamp":"2018-12-09T11:47:54.274Z","macAddress":"CANT_DETECT_MACADDR"}
{"message":"Mongoose connection is disconnected due to SIGUSR2","level":"\u001b[32minfo\u001b[39m","timestamp":"2018-12-09T11:47:54.276Z","macAddress":"CANT_DETECT_MACADDR"}
{"message":"Mongoose connection is disconnected due to SIGUSR2","level":"\u001b[32minfo\u001b[39m","timestamp":"2018-12-09T11:47:54.361Z","macAddress":"CANT_DETECT_MACADDR"}
{"message":"trying connect to mongodb://localhost:27017/nemapp","level":"\u001b[32minfo\u001b[39m","timestamp":"2018-12-09T11:47:58.481Z","macAddress":"CANT_DETECT_MACADDR"}
{"message":"connecting to MongoDB...","level":"\u001b[32minfo\u001b[39m","timestamp":"2018-12-09T11:47:58.481Z","macAddress":"CANT_DETECT_MACADDR"}
{"message":"Mongoose is connected","level":"\u001b[32minfo\u001b[39m","timestamp":"2018-12-09T11:47:58.487Z","macAddress":"CANT_DETECT_MACADDR"}
{"message":"connected to mongodb","level":"\u001b[32minfo\u001b[39m","timestamp":"2018-12-09T11:47:58.488Z","macAddress":"CANT_DETECT_MACADDR"}
{"message":"running in mode: development","level":"\u001b[32minfo\u001b[39m","timestamp":"2018-12-09T11:47:58.489Z","macAddress":"CANT_DETECT_MACADDR"}
{"message":"Mongoose connection has been established to mongodb://localhost:27017/nemapp","level":"\u001b[32minfo\u001b[39m","timestamp":"2018-12-09T11:47:58.489Z","macAddress":"CANT_DETECT_MACADDR"}
{"message":"Server loaded in DEV mode","level":"\u001b[32minfo\u001b[39m","timestamp":"2018-12-09T11:48:11.778Z","macAddress":"CANT_DETECT_MACADDR"}
{"message":"db port: 27017","level":"\u001b[32minfo\u001b[39m","timestamp":"2018-12-09T11:48:11.782Z","macAddress":"CANT_DETECT_MACADDR"}
{"message":"bootstaping NEM network in\n      TEST_NET mode","level":"\u001b[32minfo\u001b[39m","timestamp":"2018-12-09T11:48:12.201Z","macAddress":"CANT_DETECT_MACADDR"}
{"message":"trying connect to mongodb://localhost:27017/nemapp","level":"\u001b[32minfo\u001b[39m","timestamp":"2018-12-09T11:48:12.202Z","macAddress":"CANT_DETECT_MACADDR"}
{"message":"connecting to MongoDB...","level":"\u001b[32minfo\u001b[39m","timestamp":"2018-12-09T11:48:12.203Z","macAddress":"CANT_DETECT_MACADDR"}
{"message":"Mongoose is connected","level":"\u001b[32minfo\u001b[39m","timestamp":"2018-12-09T11:48:12.242Z","macAddress":"CANT_DETECT_MACADDR"}
{"message":"MongoDB connection opened!","level":"\u001b[32minfo\u001b[39m","timestamp":"2018-12-09T11:48:12.243Z","macAddress":"CANT_DETECT_MACADDR"}
{"message":"connected to mongodb","level":"\u001b[32minfo\u001b[39m","timestamp":"2018-12-09T11:48:12.270Z","macAddress":"CANT_DETECT_MACADDR"}
{"message":"running in mode: development","level":"\u001b[32minfo\u001b[39m","timestamp":"2018-12-09T11:48:12.270Z","macAddress":"CANT_DETECT_MACADDR"}
{"message":"Mongoose connection has been established to mongodb://localhost:27017/nemapp","level":"\u001b[32minfo\u001b[39m","timestamp":"2018-12-09T11:48:12.270Z","macAddress":"CANT_DETECT_MACADDR"}
{"message":"Updated nem node timestamps 2018-12-09T11:48:12.553Z","level":"\u001b[32minfo\u001b[39m","timestamp":"2018-12-09T11:48:12.553Z","macAddress":"CANT_DETECT_MACADDR"}
{"message":"Server loaded in DEV mode","level":"\u001b[32minfo\u001b[39m","timestamp":"2018-12-09T11:49:06.049Z","macAddress":"CANT_DETECT_MACADDR"}
{"message":"db port: 27017","level":"\u001b[32minfo\u001b[39m","timestamp":"2018-12-09T11:49:06.052Z","macAddress":"CANT_DETECT_MACADDR"}
{"message":"bootstaping NEM network in\n      TEST_NET mode","level":"\u001b[32minfo\u001b[39m","timestamp":"2018-12-09T11:49:06.482Z","macAddress":"CANT_DETECT_MACADDR"}
{"message":"trying connect to mongodb://localhost:27017/nemapp","level":"\u001b[32minfo\u001b[39m","timestamp":"2018-12-09T11:49:06.484Z","macAddress":"CANT_DETECT_MACADDR"}
{"message":"connecting to MongoDB...","level":"\u001b[32minfo\u001b[39m","timestamp":"2018-12-09T11:49:06.485Z","macAddress":"CANT_DETECT_MACADDR"}
{"message":"Mongoose is connected","level":"\u001b[32minfo\u001b[39m","timestamp":"2018-12-09T11:49:06.516Z","macAddress":"CANT_DETECT_MACADDR"}
{"message":"MongoDB connection opened!","level":"\u001b[32minfo\u001b[39m","timestamp":"2018-12-09T11:49:06.517Z","macAddress":"CANT_DETECT_MACADDR"}
{"message":"connected to mongodb","level":"\u001b[32minfo\u001b[39m","timestamp":"2018-12-09T11:49:06.522Z","macAddress":"CANT_DETECT_MACADDR"}
{"message":"running in mode: development","level":"\u001b[32minfo\u001b[39m","timestamp":"2018-12-09T11:49:06.523Z","macAddress":"CANT_DETECT_MACADDR"}
{"message":"Mongoose connection has been established to mongodb://localhost:27017/nemapp","level":"\u001b[32minfo\u001b[39m","timestamp":"2018-12-09T11:49:06.563Z","macAddress":"CANT_DETECT_MACADDR"}
{"message":"Updated nem node timestamps 2018-12-09T11:49:06.837Z","level":"\u001b[32minfo\u001b[39m","timestamp":"2018-12-09T11:49:06.837Z","macAddress":"CANT_DETECT_MACADDR"}
{"message":"Server loaded in DEV mode","level":"\u001b[32minfo\u001b[39m","timestamp":"2018-12-09T11:54:04.275Z","macAddress":"CANT_DETECT_MACADDR"}
{"message":"db port: 27017","level":"\u001b[32minfo\u001b[39m","timestamp":"2018-12-09T11:54:04.282Z","macAddress":"CANT_DETECT_MACADDR"}
{"message":"bootstaping NEM network in\n      TEST_NET mode","level":"\u001b[32minfo\u001b[39m","timestamp":"2018-12-09T11:54:04.760Z","macAddress":"CANT_DETECT_MACADDR"}
{"message":"trying connect to mongodb://localhost:27017/nemapp","level":"\u001b[32minfo\u001b[39m","timestamp":"2018-12-09T11:54:04.764Z","macAddress":"CANT_DETECT_MACADDR"}
{"message":"connecting to MongoDB...","level":"\u001b[32minfo\u001b[39m","timestamp":"2018-12-09T11:54:04.765Z","macAddress":"CANT_DETECT_MACADDR"}
{"message":"Mongoose is connected","level":"\u001b[32minfo\u001b[39m","timestamp":"2018-12-09T11:54:04.793Z","macAddress":"CANT_DETECT_MACADDR"}
{"message":"MongoDB connection opened!","level":"\u001b[32minfo\u001b[39m","timestamp":"2018-12-09T11:54:04.794Z","macAddress":"CANT_DETECT_MACADDR"}
{"message":"connected to mongodb","level":"\u001b[32minfo\u001b[39m","timestamp":"2018-12-09T11:54:04.800Z","macAddress":"CANT_DETECT_MACADDR"}
{"message":"running in mode: development","level":"\u001b[32minfo\u001b[39m","timestamp":"2018-12-09T11:54:04.800Z","macAddress":"CANT_DETECT_MACADDR"}
{"message":"Mongoose connection has been established to mongodb://localhost:27017/nemapp","level":"\u001b[32minfo\u001b[39m","timestamp":"2018-12-09T11:54:04.800Z","macAddress":"CANT_DETECT_MACADDR"}
{"message":"Updated nem node timestamps 2018-12-09T11:54:05.109Z","level":"\u001b[32minfo\u001b[39m","timestamp":"2018-12-09T11:54:05.109Z","macAddress":"CANT_DETECT_MACADDR"}
{"message":"Server bootstraped","level":"\u001b[32minfo\u001b[39m","timestamp":"2018-12-09T11:54:05.111Z","macAddress":"CANT_DETECT_MACADDR"}
{"message":"Server started on port 3030","level":"\u001b[32minfo\u001b[39m","timestamp":"2018-12-09T11:54:06.005Z","macAddress":"CANT_DETECT_MACADDR"}
{"message":"Server loaded in DEV mode","level":"\u001b[32minfo\u001b[39m","timestamp":"2018-12-09T15:50:35.530Z","macAddress":"CANT_DETECT_MACADDR"}
{"message":"db port: 27017","level":"\u001b[32minfo\u001b[39m","timestamp":"2018-12-09T15:50:35.534Z","macAddress":"CANT_DETECT_MACADDR"}
{"message":"bootstaping NEM network in\n      TEST_NET mode","level":"\u001b[32minfo\u001b[39m","timestamp":"2018-12-09T15:50:36.590Z","macAddress":"CANT_DETECT_MACADDR"}
{"message":"trying connect to mongodb://localhost:27017/nemapp","level":"\u001b[32minfo\u001b[39m","timestamp":"2018-12-09T15:50:36.591Z","macAddress":"CANT_DETECT_MACADDR"}
{"message":"connecting to MongoDB...","level":"\u001b[32minfo\u001b[39m","timestamp":"2018-12-09T15:50:36.592Z","macAddress":"CANT_DETECT_MACADDR"}
{"message":"Mongoose is connected","level":"\u001b[32minfo\u001b[39m","timestamp":"2018-12-09T15:50:36.625Z","macAddress":"CANT_DETECT_MACADDR"}
{"message":"MongoDB connection opened!","level":"\u001b[32minfo\u001b[39m","timestamp":"2018-12-09T15:50:36.626Z","macAddress":"CANT_DETECT_MACADDR"}
{"message":"connected to mongodb","level":"\u001b[32minfo\u001b[39m","timestamp":"2018-12-09T15:50:36.631Z","macAddress":"CANT_DETECT_MACADDR"}
{"message":"running in mode: development","level":"\u001b[32minfo\u001b[39m","timestamp":"2018-12-09T15:50:36.632Z","macAddress":"CANT_DETECT_MACADDR"}
{"message":"Mongoose connection has been established to mongodb://localhost:27017/nemapp","level":"\u001b[32minfo\u001b[39m","timestamp":"2018-12-09T15:50:36.632Z","macAddress":"CANT_DETECT_MACADDR"}
{"message":"Updated nem node timestamps 2018-12-09T15:50:36.952Z","level":"\u001b[32minfo\u001b[39m","timestamp":"2018-12-09T15:50:36.952Z","macAddress":"CANT_DETECT_MACADDR"}
{"message":"Server bootstraped","level":"\u001b[32minfo\u001b[39m","timestamp":"2018-12-09T15:50:36.957Z","macAddress":"CANT_DETECT_MACADDR"}
{"message":"Server started on port 3030","level":"\u001b[32minfo\u001b[39m","timestamp":"2018-12-09T15:50:38.552Z","macAddress":"CANT_DETECT_MACADDR"}
{"message":"Mongoose connection is disconnected","level":"\u001b[32minfo\u001b[39m","timestamp":"2018-12-09T15:52:31.893Z","macAddress":"CANT_DETECT_MACADDR"}
{"message":"Mongoose connection is disconnected due to SIGUSR2","level":"\u001b[32minfo\u001b[39m","timestamp":"2018-12-09T15:52:31.894Z","macAddress":"CANT_DETECT_MACADDR"}
{"message":"trying connect to mongodb://localhost:27017/nemapp","level":"\u001b[32minfo\u001b[39m","timestamp":"2018-12-09T15:52:36.923Z","macAddress":"CANT_DETECT_MACADDR"}
{"message":"connecting to MongoDB...","level":"\u001b[32minfo\u001b[39m","timestamp":"2018-12-09T15:52:36.924Z","macAddress":"CANT_DETECT_MACADDR"}
{"message":"Mongoose is connected","level":"\u001b[32minfo\u001b[39m","timestamp":"2018-12-09T15:52:36.936Z","macAddress":"CANT_DETECT_MACADDR"}
{"message":"connected to mongodb","level":"\u001b[32minfo\u001b[39m","timestamp":"2018-12-09T15:52:36.937Z","macAddress":"CANT_DETECT_MACADDR"}
{"message":"running in mode: development","level":"\u001b[32minfo\u001b[39m","timestamp":"2018-12-09T15:52:36.938Z","macAddress":"CANT_DETECT_MACADDR"}
{"message":"Mongoose connection has been established to mongodb://localhost:27017/nemapp","level":"\u001b[32minfo\u001b[39m","timestamp":"2018-12-09T15:52:36.938Z","macAddress":"CANT_DETECT_MACADDR"}
{"message":"Mongoose connection is disconnected","level":"\u001b[32minfo\u001b[39m","timestamp":"2018-12-09T15:57:25.903Z","macAddress":"CANT_DETECT_MACADDR"}
{"message":"Mongoose connection is disconnected due to SIGUSR2","level":"\u001b[32minfo\u001b[39m","timestamp":"2018-12-09T15:57:25.906Z","macAddress":"CANT_DETECT_MACADDR"}
{"message":"Mongoose connection is disconnected due to SIGUSR2","level":"\u001b[32minfo\u001b[39m","timestamp":"2018-12-09T15:57:25.909Z","macAddress":"CANT_DETECT_MACADDR"}
{"message":"trying connect to mongodb://localhost:27017/nemapp","level":"\u001b[32minfo\u001b[39m","timestamp":"2018-12-09T15:57:30.904Z","macAddress":"CANT_DETECT_MACADDR"}
{"message":"connecting to MongoDB...","level":"\u001b[32minfo\u001b[39m","timestamp":"2018-12-09T15:57:30.906Z","macAddress":"CANT_DETECT_MACADDR"}
{"message":"Mongoose is connected","level":"\u001b[32minfo\u001b[39m","timestamp":"2018-12-09T15:57:30.912Z","macAddress":"CANT_DETECT_MACADDR"}
{"message":"connected to mongodb","level":"\u001b[32minfo\u001b[39m","timestamp":"2018-12-09T15:57:30.913Z","macAddress":"CANT_DETECT_MACADDR"}
{"message":"running in mode: development","level":"\u001b[32minfo\u001b[39m","timestamp":"2018-12-09T15:57:30.914Z","macAddress":"CANT_DETECT_MACADDR"}
{"message":"Mongoose connection has been established to mongodb://localhost:27017/nemapp","level":"\u001b[32minfo\u001b[39m","timestamp":"2018-12-09T15:57:30.915Z","macAddress":"CANT_DETECT_MACADDR"}
{"message":"Mongoose connection is disconnected","level":"\u001b[32minfo\u001b[39m","timestamp":"2018-12-09T15:57:32.612Z","macAddress":"CANT_DETECT_MACADDR"}
{"message":"Mongoose connection is disconnected due to SIGUSR2","level":"\u001b[32minfo\u001b[39m","timestamp":"2018-12-09T15:57:32.615Z","macAddress":"CANT_DETECT_MACADDR"}
{"message":"Mongoose connection is disconnected due to SIGUSR2","level":"\u001b[32minfo\u001b[39m","timestamp":"2018-12-09T15:57:32.616Z","macAddress":"CANT_DETECT_MACADDR"}
{"message":"Mongoose connection is disconnected due to SIGUSR2","level":"\u001b[32minfo\u001b[39m","timestamp":"2018-12-09T15:57:32.618Z","macAddress":"CANT_DETECT_MACADDR"}
{"message":"trying connect to mongodb://localhost:27017/nemapp","level":"\u001b[32minfo\u001b[39m","timestamp":"2018-12-09T15:57:37.614Z","macAddress":"CANT_DETECT_MACADDR"}
{"message":"connecting to MongoDB...","level":"\u001b[32minfo\u001b[39m","timestamp":"2018-12-09T15:57:37.615Z","macAddress":"CANT_DETECT_MACADDR"}
{"message":"Mongoose is connected","level":"\u001b[32minfo\u001b[39m","timestamp":"2018-12-09T15:57:37.630Z","macAddress":"CANT_DETECT_MACADDR"}
{"message":"connected to mongodb","level":"\u001b[32minfo\u001b[39m","timestamp":"2018-12-09T15:57:37.630Z","macAddress":"CANT_DETECT_MACADDR"}
{"message":"running in mode: development","level":"\u001b[32minfo\u001b[39m","timestamp":"2018-12-09T15:57:37.631Z","macAddress":"CANT_DETECT_MACADDR"}
{"message":"Mongoose connection has been established to mongodb://localhost:27017/nemapp","level":"\u001b[32minfo\u001b[39m","timestamp":"2018-12-09T15:57:37.632Z","macAddress":"CANT_DETECT_MACADDR"}
{"message":"Mongoose connection is disconnected","level":"\u001b[32minfo\u001b[39m","timestamp":"2018-12-09T15:57:47.111Z","macAddress":"CANT_DETECT_MACADDR"}
{"message":"Mongoose connection is disconnected due to SIGUSR2","level":"\u001b[32minfo\u001b[39m","timestamp":"2018-12-09T15:57:47.113Z","macAddress":"CANT_DETECT_MACADDR"}
{"message":"Mongoose connection is disconnected due to SIGUSR2","level":"\u001b[32minfo\u001b[39m","timestamp":"2018-12-09T15:57:47.114Z","macAddress":"CANT_DETECT_MACADDR"}
{"message":"trying connect to mongodb://localhost:27017/nemapp","level":"\u001b[32minfo\u001b[39m","timestamp":"2018-12-09T15:57:52.112Z","macAddress":"CANT_DETECT_MACADDR"}
{"message":"connecting to MongoDB...","level":"\u001b[32minfo\u001b[39m","timestamp":"2018-12-09T15:57:52.113Z","macAddress":"CANT_DETECT_MACADDR"}
{"message":"Mongoose is connected","level":"\u001b[32minfo\u001b[39m","timestamp":"2018-12-09T15:57:52.117Z","macAddress":"CANT_DETECT_MACADDR"}
{"message":"connected to mongodb","level":"\u001b[32minfo\u001b[39m","timestamp":"2018-12-09T15:57:52.118Z","macAddress":"CANT_DETECT_MACADDR"}
{"message":"running in mode: development","level":"\u001b[32minfo\u001b[39m","timestamp":"2018-12-09T15:57:52.119Z","macAddress":"CANT_DETECT_MACADDR"}
{"message":"Mongoose connection has been established to mongodb://localhost:27017/nemapp","level":"\u001b[32minfo\u001b[39m","timestamp":"2018-12-09T15:57:52.119Z","macAddress":"CANT_DETECT_MACADDR"}
{"message":"Mongoose connection is disconnected","level":"\u001b[32minfo\u001b[39m","timestamp":"2018-12-09T15:58:02.356Z","macAddress":"CANT_DETECT_MACADDR"}
{"message":"Mongoose connection is disconnected due to SIGUSR2","level":"\u001b[32minfo\u001b[39m","timestamp":"2018-12-09T15:58:02.358Z","macAddress":"CANT_DETECT_MACADDR"}
{"message":"trying connect to mongodb://localhost:27017/nemapp","level":"\u001b[32minfo\u001b[39m","timestamp":"2018-12-09T15:58:07.372Z","macAddress":"CANT_DETECT_MACADDR"}
{"message":"connecting to MongoDB...","level":"\u001b[32minfo\u001b[39m","timestamp":"2018-12-09T15:58:07.373Z","macAddress":"CANT_DETECT_MACADDR"}
{"message":"Mongoose is connected","level":"\u001b[32minfo\u001b[39m","timestamp":"2018-12-09T15:58:07.381Z","macAddress":"CANT_DETECT_MACADDR"}
{"message":"connected to mongodb","level":"\u001b[32minfo\u001b[39m","timestamp":"2018-12-09T15:58:07.382Z","macAddress":"CANT_DETECT_MACADDR"}
{"message":"running in mode: development","level":"\u001b[32minfo\u001b[39m","timestamp":"2018-12-09T15:58:07.382Z","macAddress":"CANT_DETECT_MACADDR"}
{"message":"Mongoose connection has been established to mongodb://localhost:27017/nemapp","level":"\u001b[32minfo\u001b[39m","timestamp":"2018-12-09T15:58:07.383Z","macAddress":"CANT_DETECT_MACADDR"}
